make.exe all --print-data-base --no-builtin-variables --no-builtin-rules --question
make: *** No rule to make target 'all'.  Stop.

# GNU Make 4.3
# Built for x86_64-pc-msys
# Copyright (C) 1988-2020 Free Software Foundation, Inc.
# License GPLv3+: GNU GPL version 3 or later <http://gnu.org/licenses/gpl.html>
# This is free software: you are free to change and redistribute it.
# There is NO WARRANTY, to the extent permitted by law.
 

# Make data base, printed on Mon Sep  4 11:12:10 2023

# Variables

# environment
SYSTEMDRIVE = C:
# environment
JAVA_HOME = C:\Program Files\Java\jdk-17
# environment
LC_ALL = C
# environment
ACSVCPORT = 17532
# environment
USERPROFILE = C:\Users\chris
# environment
LOCALAPPDATA = C:\Users\chris\AppData\Local
# environment
VSCODE_CRASH_REPORTER_PROCESS_TYPE = extensionHost
# environment
VSCODE_CWD = C:\Users\chris\AppData\Local\Programs\Microsoft VS Code
# environment
SYSTEMROOT = C:\WINDOWS
# environment
PROCESSOR_LEVEL = 6
# environment
PSMODULEPATH = C:\Program Files\WindowsPowerShell\Modules;C:\WINDOWS\system32\WindowsPowerShell\v1.0\Modules
# default
MAKE_COMMAND := make
# automatic
@D = $(patsubst %/,%,$(dir $@))
# environment
CHROME_CRASHPAD_PIPE_NAME = \\.\pipe\LOCAL\crashpad_32548_LRQUWCRNOAGXMRDI
# environment
VSCODE_HANDLES_UNCAUGHT_ERRORS = true
# environment
VK_SDK_PATH = C:\VulkanSDK\1.3.250.0
# default
.VARIABLES := 
# environment
RAYLIB_NX = C:\Users\chris\Downloads\raylib-nx-4.2.0-dev
# automatic
%D = $(patsubst %/,%,$(dir $%))
# environment
ENABLELOG = INFO
# automatic
^D = $(patsubst %/,%,$(dir $^))
# automatic
%F = $(notdir $%)
# environment
VSCODE_CODE_CACHE_PATH = C:\Users\chris\AppData\Roaming\Code\CachedData\6c3e3dba23e8fadc360aed75ce363ba185c49794
# environment
LANG = C
# environment
ARMCC5BIN = C:\Program Files (x86)\ARMCC_Nintendo_5\bin
# default
.LOADED := 
# environment
TMP = /home/chris/AppData/Local/Temp
# default
.INCLUDE_DIRS = /usr/include /usr/include
# makefile
MAKEFLAGS = pqrR
# environment
INTEL_DEV_REDIST = C:\Program Files (x86)\Common Files\Intel\Shared Libraries\
# environment
ONEDRIVE = C:\Users\chris\OneDrive
# environment
DEVKITARM = /opt/devkitpro/devkitARM
# makefile
CURDIR := /home/chris/Downloads/AuroraEngine
# environment
APPLICATION_INSIGHTS_NO_DIAGNOSTIC_CHANNEL = 1
# automatic
*D = $(patsubst %/,%,$(dir $*))
# environment
PROGRAMFILES = C:\Program Files
# environment
MFLAGS = -pqrR
# default
.SHELLFLAGS := -c
# environment
!C: = c:\Users\chris\Downloads\AuroraEngine
# environment
COMMONPROGRAMW6432 = C:\Program Files\Common Files
# automatic
+D = $(patsubst %/,%,$(dir $+))
# makefile
MAKEFILE_LIST := 
# automatic
@F = $(notdir $@)
# environment
VSCODE_PID = 32548
# automatic
?D = $(patsubst %/,%,$(dir $?))
# environment
DEVKITPPC = /opt/devkitpro/devkitPPC
# environment
CTRSDK_ROOT = C:\Nintendo\3ds\SDK\ctr_sdk
# automatic
*F = $(notdir $*)
# environment
RG_GPU_FRAMEWORK_ENGINE_RESOURCEDIR = C:\Program Files\Red Giant\RGFX
# automatic
<D = $(patsubst %/,%,$(dir $<))
# environment
ARMCC5INC = C:\Program Files (x86)\ARMCC_Nintendo_5\include
# environment
VSCODE_NLS_CONFIG = {"locale":"en-us","osLocale":"en-us","availableLanguages":{},"_languagePackSupport":true}
# environment
ONEDRIVECONSUMER = C:\Users\chris\OneDrive
# environment
PM_PACKAGES_ROOT = C:\packman-repo
# default
MAKE_HOST := x86_64-pc-msys
# environment
PROGRAMDATA = C:\ProgramData
# default
SHELL := /bin/sh
# environment
EFC_11256 = 1
# environment
HOMEPATH = \Users\chris
# default
MAKECMDGOALS := all
# environment
ACSETUPSVCPORT = 23210
# environment
DRIVERDATA = C:\Windows\System32\Drivers\DriverData
# environment
COMSPEC = C:\WINDOWS\system32\cmd.exe
# environment
WINDIR = C:\WINDOWS
# environment
MAKELEVEL := 0
# default
MAKE = $(MAKE_COMMAND)
# environment
PATH = /c/VulkanSDK/1.3.250.0/Bin:/opt/devkitpro/msys2/usr/bin:/c/Python34/Lib/site-packages/PyQt5:/c/Program Files (x86)/Common Files/Intel/Shared Libraries/redist/intel64/compiler:/c/Program Files/Common Files/Oracle/Java/javapath:/c/Program Files (x86)/Common Files/Oracle/Java/javapath:/c/Windows/system32:/c/Windows:/c/Windows/System32/Wbem:/c/Windows/System32/WindowsPowerShell/v1.0:/c/Windows/System32/OpenSSH:/c/Program Files (x86)/NVIDIA Corporation/PhysX/Common:/c/Program Files/NVIDIA Corporation/NVIDIA NvDLISR:/c/Program Files/dotnet:/c/Program Files/Microsoft SQL Server/120/Tools/Binn:/c/Program Files/Git/cmd:/c/Program Files/nodejs:/c/Program Files/Nintendo/HostBridge:/c/Program Files (x86)/GtkSharp/2.12/bin:/c/Program Files/Git LFS:/c/Program Files/Nintendo/Nintendo Dev Interface:/c/Program Files/CMake/bin:/c/MinGW/bin:/c/WINDOWS/system32:/c/WINDOWS:/c/WINDOWS/System32/Wbem:/c/WINDOWS/System32/WindowsPowerShell/v1.0:/c/WINDOWS/System32/OpenSSH:/home/chris/Downloads/ninja-win:/c/Program Files/Microsoft SQL Server/150/Tools/Binn:/c/Program Files/Microsoft SQL Server/Client SDK/ODBC/170/Tools/Binn:/c/Program Files/PuTTY:/home/chris/AppData/Local/Programs/Python/Python37/Scripts:/home/chris/AppData/Local/Programs/Python/Python37:/home/chris/AppData/Local/Programs/Python/Launcher:/home/chris/AppData/Local/Microsoft/WindowsApps:/home/chris/.dotnet/tools:/home/chris/AppData/Local/Programs/Microsoft VS Code/bin:/home/chris/AppData/Local/GitHubDesktop/bin:/home/chris/AppData/Roaming/npm:/home/chris/AppData/Local/Programs/Git LFS:/c/Program Files/LOVE/love.exe:/c/Panda3D-1.10.12-x64/python:/c/Panda3D-1.10.12-x64/python/Scripts:/c/Panda3D-1.10.12-x64/bin:/c/ffmpeg-2023-04-26-git-e3143703e9-full_build/bin
# environment
COMPUTERNAME = CJ-LEGION
# default
MAKEFILES := 
# automatic
^F = $(notdir $^)
# environment
PROMPT = $P$G
# environment
LOGONSERVER = \\CJ-LEGION
# environment
USERNAME = chris
# environment
COMMONPROGRAMFILES = C:\Program Files\Common Files
# environment
LUA = C:\Program Files\lua
# automatic
?F = $(notdir $?)
# environment
MION_BRIDGE_TOOLS = C:\Program Files\Nintendo\HostBridge
# environment
PROGRAMW6432 = C:\Program Files
# environment
DEVKITPRO = /opt/devkitpro
# environment
PATHEXT = .COM;.EXE;.BAT;.CMD;.VBS;.VBE;.JS;.JSE;.WSF;.WSH;.MSC
# environment
ARMCC5LIB = C:\Program Files (x86)\ARMCC_Nintendo_5\lib
# automatic
+F = $(notdir $+)
# environment
ORIGINAL_XDG_CURRENT_DESKTOP = undefined
# environment
USERDOMAIN = CJ-LEGION
# 'override' directive
GNUMAKEFLAGS := 
# environment
GIT_LFS_PATH = C:\Users\chris\AppData\Local\Programs\Git LFS
# environment
OS = Windows_NT
# makefile
.DEFAULT_GOAL := 
# default
MAKE_VERSION := 4.3
# environment
RLSSVCPORT = 22112
# environment
PROGRAMFILES(X86) = C:\Program Files (x86)
# environment
USERDOMAIN_ROAMINGPROFILE = CJ-LEGION
# environment
NUMBER_OF_PROCESSORS = 16
# environment
PUBLIC = C:\Users\Public
# environment
ASL.LOG = Destination=file
# environment
ARMLMD_LICENSE_FILE = C:\Program Files (x86)\ARMCC_Nintendo_5\sw\info\nintendo-anyhost.lic
# environment
APPDATA = C:\Users\chris\AppData\Roaming
# environment
HOMEDRIVE = C:
# environment
VULKAN_SDK = C:\VulkanSDK\1.3.250.0
# environment
CAFE_ROOT = C:\Nintendo\nn-sdk\SDK\cafe_sdk
# environment
GTK_BASEPATH = C:\Program Files (x86)\GtkSharp\2.12\
# environment
PROCESSOR_ARCHITECTURE = AMD64
# environment
VSCODE_AMD_ENTRYPOINT = vs/workbench/api/node/extensionHostProcess
# environment
HOME = /home/chris
# environment
COMMONPROGRAMFILES(X86) = C:\Program Files (x86)\Common Files
# environment
ELECTRON_RUN_AS_NODE = 1
# environment
TEMP = /home/chris/AppData/Local/Temp
# environment
VSCODE_IPC_HOOK = \\.\pipe\ea310db52273cee568d7cabef8de79c8-1.81.1-main-sock
# environment
TERM = xterm-256color
# environment
OGRE_HOME = C:\Users\chris\Downloads\ogre-sdk-v13.5.3-msvc141-x64
# default
.RECIPEPREFIX := 
# automatic
<F = $(notdir $<)
# default
SUFFIXES := 
# environment
ALLUSERSPROFILE = C:\ProgramData
# environment
SESSIONNAME = Console
# default
.FEATURES := target-specific order-only second-expansion else-if shortest-stem undefine oneshell nocomment grouped-target extra-prereqs archives jobserver output-sync check-symlink load
# environment
MIC_LD_LIBRARY_PATH = C:\Program Files (x86)\Common Files\Intel\Shared Libraries\compiler\lib\mic
# environment
PROCESSOR_REVISION = 8d01
# environment
PROCESSOR_IDENTIFIER = Intel64 Family 6 Model 141 Stepping 1, GenuineIntel
# environment
VCPKG_DEFAULT_TRIPLET = x64-windows
# variable set hash-table stats:
# Load=120/1024=12%, Rehash=0, Collisions=18/144=12%

# Pattern-specific Variable Values

# No pattern-specific variable values.

# Directories

# . (device 879267155, inode 19421773393131001): 22 files, no impossibilities.

# 22 files, no impossibilities in 1 directories.

# Implicit Rules

# No implicit rules.

# Files

# Not a target:
Makefile:
#  Implicit rule search has been done.
#  File does not exist.
#  File has been updated.
#  Failed to be updated.

# Not a target:
.DEFAULT:
#  Implicit rule search has not been done.
#  Modification time never checked.
#  File has not been updated.

# Not a target:
all:
#  Command line target.
#  Implicit rule search has been done.
#  File does not exist.
#  File has not been updated.

# Not a target:
makefile:
#  Implicit rule search has been done.
#  File does not exist.
#  File has been updated.
#  Failed to be updated.

# Not a target:
GNUmakefile:
#  Implicit rule search has been done.
#  File does not exist.
#  File has been updated.
#  Failed to be updated.

# files hash-table stats:
# Load=6/1024=1%, Rehash=0, Collisions=0/15=0%
# VPATH Search Paths

# No 'vpath' search paths.

# No general ('VPATH' variable) search path.

# strcache buffers: 1 (0) / strings = 29 / storage = 246 B / avg = 8 B
# current buf: size = 8162 B / used = 246 B / count = 29 / avg = 8 B

# strcache performance: lookups = 32 / hit rate = 9%
# hash-table stats:
# Load=29/8192=0%, Rehash=0, Collisions=0/32=0%
# Finished Make data base on Mon Sep  4 11:12:10 2023

 
